{
  "stats": {
    "suites": 1,
    "tests": 3,
    "passes": 3,
    "pending": 0,
    "failures": 0,
    "start": "2020-08-02T12:44:16.373Z",
    "end": "2020-08-02T12:44:49.206Z",
    "duration": 32833,
    "testsRegistered": 3,
    "passPercent": 100,
    "pendingPercent": 0,
    "other": 0,
    "hasOther": false,
    "skipped": 0,
    "hasSkipped": false
  },
  "results": [
    {
      "uuid": "7a877a6e-bd68-465e-ba50-3a71f51d5a6e",
      "title": "",
      "fullFile": "cypress\\integration\\AC01_gift-card-balance.js",
      "file": "cypress\\integration\\AC01_gift-card-balance.js",
      "beforeHooks": [],
      "afterHooks": [],
      "tests": [],
      "suites": [
        {
          "uuid": "2235896e-57b2-429d-bd07-de479a7d0f4e",
          "title": "Check your gift card balance is 0.00",
          "fullFile": "",
          "file": "",
          "beforeHooks": [],
          "afterHooks": [],
          "tests": [
            {
              "title": "Register to Amazon account",
              "fullTitle": "Check your gift card balance is 0.00 Register to Amazon account",
              "timedOut": null,
              "duration": 14571,
              "state": "passed",
              "speed": "slow",
              "pass": true,
              "fail": false,
              "pending": false,
              "context": null,
              "code": "cy.visit('');\ncy.get('#nav-link-accountList').trigger('mouseover');\ncy.get('#nav-flyout-ya-newCust a').click();\ncy.url().should('include', '/ap/register');\ncy.get('input[type=\"text\"]').type('Jane Joe');\ncy.get('input[type=\"email\"]').type(Cypress.env('email'));\ncy.get('#ap_password').type(password);\ncy.get('#ap_password_check').type(password);\ncy.get('input[type=\"submit\"]').click();",
              "err": {},
              "uuid": "5f658378-aa40-4c25-ba93-6179dd624a3e",
              "parentUUID": "2235896e-57b2-429d-bd07-de479a7d0f4e",
              "isHook": false,
              "skipped": false
            },
            {
              "title": "Extract OTP from email and verify the account",
              "fullTitle": "Check your gift card balance is 0.00 Extract OTP from email and verify the account",
              "timedOut": null,
              "duration": 5370,
              "state": "passed",
              "speed": "slow",
              "pass": true,
              "fail": false,
              "pending": false,
              "context": null,
              "code": "// wait for an email in the inbox\ncy.mailosaurGetMessage(Cypress.env('serverId'), {\n  sentTo: Cypress.env('email')\n}).then(function (email) {\n  expect(email.subject).to.equal('Verify your new Amazon account');\n  email = new DOMParser().parseFromString(email.html.body, 'text/html');\n  cy.get('input[type=\"text\"]').type(email.getElementsByClassName('otp')[0].innerText);\n  cy.get('#a-autoid-0 input[type=\"submit\"]').click();\n});",
              "err": {},
              "uuid": "bd6550ff-b5a5-4001-9d0f-c4c0f459243f",
              "parentUUID": "2235896e-57b2-429d-bd07-de479a7d0f4e",
              "isHook": false,
              "skipped": false
            },
            {
              "title": "checks the gift card balance",
              "fullTitle": "Check your gift card balance is 0.00 checks the gift card balance",
              "timedOut": null,
              "duration": 12558,
              "state": "passed",
              "speed": "slow",
              "pass": true,
              "fail": false,
              "pending": false,
              "context": null,
              "code": "cy.get('#nav-link-accountList').trigger('mouseover');\ncy.get('.nav-link.nav-item').contains('Your Account').click();\ncy.url().should('include', 'gp/css/homepage');\ncy.get('.ya-card__whole-card-link').contains('Gift').click();\ncy.url().then(function ($el) {\n  if ($el.includes('signin')) {\n    cy.get('input[name=\"email\"]').each(function ($el) {\n      if ($el[0].value != Cypress.env('email')) {\n        cy.get('input[type=\"email\"]').type(Cypress.env('email'));\n      }\n    });\n    cy.get('#ap_password').type(password);\n    cy.get('input[type=\"submit\"]').click();\n  }\n});\ncy.url().then(function ($el) {\n  if ($el.includes('signin')) {\n    cy.get('#ap-account-fixup-phone-skip-link').click();\n  }\n});\ncy.get('#gc-ui-balance-gc-balance-value').should('contain', '0.00');",
              "err": {},
              "uuid": "0d320219-ab8d-42ab-ae68-4ce9ae881c00",
              "parentUUID": "2235896e-57b2-429d-bd07-de479a7d0f4e",
              "isHook": false,
              "skipped": false
            }
          ],
          "suites": [],
          "passes": [
            "5f658378-aa40-4c25-ba93-6179dd624a3e",
            "bd6550ff-b5a5-4001-9d0f-c4c0f459243f",
            "0d320219-ab8d-42ab-ae68-4ce9ae881c00"
          ],
          "failures": [],
          "pending": [],
          "skipped": [],
          "duration": 32499,
          "root": false,
          "rootEmpty": false,
          "_timeout": 2000
        }
      ],
      "passes": [],
      "failures": [],
      "pending": [],
      "skipped": [],
      "duration": 0,
      "root": true,
      "rootEmpty": true,
      "_timeout": 2000
    }
  ],
  "meta": {
    "mocha": {
      "version": "7.0.1"
    },
    "mochawesome": {
      "options": {
        "quiet": false,
        "reportFilename": "mochawesome",
        "saveHtml": false,
        "saveJson": true,
        "consoleReporter": "spec",
        "useInlineDiffs": false,
        "code": true
      },
      "version": "6.1.1"
    },
    "marge": {
      "options": {
        "id": "default",
        "reportDir": "cypress/reports/mocha",
        "quite": true,
        "overwrite": false,
        "html": false,
        "json": true
      },
      "version": "5.1.0"
    }
  }
}